<?xml version="1.0" encoding="UTF-8"?>
<!-- Generated by org.testng.reporters.JUnitXMLReporter -->
<testsuite ignored="1" hostname="DESKTOP-V01TE7B" failures="0" tests="1" name="Default test" time="18.76" errors="0" timestamp="2024-02-14T21:52:55 IST">
  <testcase classname="e2etests.ErrorValidationTest" name="ProductErrorValidation" time="10.681"/>
  <testcase classname="e2etests.ErrorValidationTest" name="incorrectCredentialsLoginTest" time="0.0">
    <ignored/>
  </testcase> <!-- incorrectCredentialsLoginTest -->
</testsuite> <!-- Default test -->
