<?xml version="1.0" encoding="UTF-8"?>
<!-- Generated by org.testng.reporters.JUnitXMLReporter -->
<testsuite ignored="0" hostname="ITT-VISHAL-S" failures="0" tests="2" name="Error Validation Test" time="30.492" errors="0" timestamp="2023-10-23T21:38:53 IST">
  <testcase classname="e2etests.ErrorValidationTest" name="ProductErrorValidation" time="13.668"/>
  <testcase classname="e2etests.ErrorValidationTest" name="incorrectCredentialsLoginTest" time="3.702"/>
</testsuite> <!-- Error Validation Test -->
