<?xml version="1.0" encoding="UTF-8"?>
<!-- Generated by org.testng.reporters.JUnitXMLReporter -->
<testsuite ignored="0" hostname="ITT-VISHAL-S" failures="0" tests="3" name="Submit Order Test" time="54.913" errors="0" timestamp="2023-10-23T21:39:17 IST">
  <testcase classname="e2etests.SubmitOrderTest" name="SubmitOrder" time="17.066"/>
  <testcase classname="e2etests.SubmitOrderTest" name="SubmitOrder" time="16.328"/>
  <testcase classname="e2etests.SubmitOrderTest" name="OrderHistoryTest" time="2.996"/>
</testsuite> <!-- Submit Order Test -->
